# JRE version: OpenJDK Runtime Environment Temurin-21.0.9+10 (21.0.9+10) (build 21.0.9+10-LTS)
# Java VM: OpenJDK 64-Bit Server VM Temurin-21.0.9+10 (21.0.9+10-LTS, mixed mode, sharing, tiered, compressed oops, compressed class ptrs, parallel gc, bsd-amd64)
Heap:
 PSYoungGen      total 9216K, used 8998K [0x00000007d5580000, 0x00000007d6000000, 0x0000000800000000)
  eden space 7680K, 100% used [0x00000007d5580000,0x00000007d5d00000,0x00000007d5d00000)
  from space 1536K, 85% used [0x00000007d5e80000,0x00000007d5fc98a8,0x00000007d6000000)
  to   space 1536K, 0% used [0x00000007d5d00000,0x00000007d5d00000,0x00000007d5e80000)
 ParOldGen       total 160768K, used 160541K [0x0000000780000000, 0x0000000789d00000, 0x00000007d5580000)
  object space 160768K, 99% used [0x0000000780000000,0x0000000789cc76a0,0x0000000789d00000)
 Metaspace       used 71896K, committed 73344K, reserved 1114112K
  class space    used 8780K, committed 9408K, reserved 1048576K
GC Heap History (20 events):
Event: 96.513 GC heap before
{Heap before GC invocations=112 (full 3):
 PSYoungGen      total 10240K, used 9970K [0x00000007d5580000, 0x00000007d6280000, 0x0000000800000000)
  eden space 8704K, 100% used [0x00000007d5580000,0x00000007d5e00000,0x00000007d5e00000)
  from space 1536K, 82% used [0x00000007d6100000,0x00000007d623c890,0x00000007d6280000)
  to   space 2048K, 0% used [0x00000007d5e80000,0x00000007d5e80000,0x00000007d6080000)
 ParOldGen       total 147968K, used 147510K [0x0000000780000000, 0x0000000789080000, 0x00000007d5580000)
  object space 147968K, 99% used [0x0000000780000000,0x000000078900db50,0x0000000789080000)
 Metaspace       used 71526K, committed 73024K, reserved 1114112K
  class space    used 8716K, committed 9344K, reserved 1048576K
}
Event: 96.514 GC heap after
{Heap after GC invocations=112 (full 3):
 PSYoungGen      total 10240K, used 1367K [0x00000007d5580000, 0x00000007d6180000, 0x0000000800000000)
  eden space 8704K, 0% used [0x00000007d5580000,0x00000007d5580000,0x00000007d5e00000)
  from space 1536K, 89% used [0x00000007d5e80000,0x00000007d5fd5f20,0x00000007d6000000)
  to   space 1536K, 0% used [0x00000007d6000000,0x00000007d6000000,0x00000007d6180000)
 ParOldGen       total 148992K, used 148705K [0x0000000780000000, 0x0000000789180000, 0x00000007d5580000)
  object space 148992K, 99% used [0x0000000780000000,0x0000000789138650,0x0000000789180000)
 Metaspace       used 71526K, committed 73024K, reserved 1114112K
  class space    used 8716K, committed 9344K, reserved 1048576K
}
Event: 96.756 GC heap before
{Heap before GC invocations=113 (full 3):
 PSYoungGen      total 10240K, used 10071K [0x00000007d5580000, 0x00000007d6180000, 0x0000000800000000)
  eden space 8704K, 100% used [0x00000007d5580000,0x00000007d5e00000,0x00000007d5e00000)
  from space 1536K, 89% used [0x00000007d5e80000,0x00000007d5fd5f20,0x00000007d6000000)
  to   space 1536K, 0% used [0x00000007d6000000,0x00000007d6000000,0x00000007d6180000)
 ParOldGen       total 148992K, used 148705K [0x0000000780000000, 0x0000000789180000, 0x00000007d5580000)
  object space 148992K, 99% used [0x0000000780000000,0x0000000789138650,0x0000000789180000)
 Metaspace       used 71526K, committed 73024K, reserved 1114112K
  class space    used 8716K, committed 9344K, reserved 1048576K
}
Event: 96.768 GC heap after
{Heap after GC invocations=113 (full 3):
 PSYoungGen      total 9728K, used 736K [0x00000007d5580000, 0x00000007d6100000, 0x0000000800000000)
  eden space 8704K, 0% used [0x00000007d5580000,0x00000007d5580000,0x00000007d5e00000)
  from space 1024K, 71% used [0x00000007d6000000,0x00000007d60b81c0,0x00000007d6100000)
  to   space 1024K, 0% used [0x00000007d5f00000,0x00000007d5f00000,0x00000007d6000000)
 ParOldGen       total 152064K, used 151670K [0x0000000780000000, 0x0000000789480000, 0x00000007d5580000)
  object space 152064K, 99% used [0x0000000780000000,0x000000078941dbc8,0x0000000789480000)
 Metaspace       used 71526K, committed 73024K, reserved 1114112K
  class space    used 8716K, committed 9344K, reserved 1048576K
}
Event: 96.888 GC heap before
{Heap before GC invocations=114 (full 3):
 PSYoungGen      total 9728K, used 9440K [0x00000007d5580000, 0x00000007d6100000, 0x0000000800000000)
  eden space 8704K, 100% used [0x00000007d5580000,0x00000007d5e00000,0x00000007d5e00000)
  from space 1024K, 71% used [0x00000007d6000000,0x00000007d60b81c0,0x00000007d6100000)
  to   space 1024K, 0% used [0x00000007d5f00000,0x00000007d5f00000,0x00000007d6000000)
 ParOldGen       total 152064K, used 151686K [0x0000000780000000, 0x0000000789480000, 0x00000007d5580000)
  object space 152064K, 99% used [0x0000000780000000,0x0000000789421a60,0x0000000789480000)
 Metaspace       used 71526K, committed 73024K, reserved 1114112K
  class space    used 8716K, committed 9344K, reserved 1048576K
}
Event: 96.900 GC heap after
{Heap after GC invocations=114 (full 3):
 PSYoungGen      total 9728K, used 1011K [0x00000007d5580000, 0x00000007d6300000, 0x0000000800000000)
  eden space 8704K, 0% used [0x00000007d5580000,0x00000007d5580000,0x00000007d5e00000)
  from space 1024K, 98% used [0x00000007d5f00000,0x00000007d5ffcc78,0x00000007d6000000)
  to   space 2560K, 0% used [0x00000007d6080000,0x00000007d6080000,0x00000007d6300000)
 ParOldGen       total 152576K, used 152533K [0x0000000780000000, 0x0000000789500000, 0x00000007d5580000)
  object space 152576K, 99% used [0x0000000780000000,0x00000007894f56a0,0x0000000789500000)
 Metaspace       used 71526K, committed 73024K, reserved 1114112K
  class space    used 8716K, committed 9344K, reserved 1048576K
}
Event: 97.054 GC heap before
{Heap before GC invocations=115 (full 3):
 PSYoungGen      total 9728K, used 9715K [0x00000007d5580000, 0x00000007d6300000, 0x0000000800000000)
  eden space 8704K, 100% used [0x00000007d5580000,0x00000007d5e00000,0x00000007d5e00000)
  from space 1024K, 98% used [0x00000007d5f00000,0x00000007d5ffcc78,0x00000007d6000000)
  to   space 2560K, 0% used [0x00000007d6080000,0x00000007d6080000,0x00000007d6300000)
 ParOldGen       total 152576K, used 152571K [0x0000000780000000, 0x0000000789500000, 0x00000007d5580000)
  object space 152576K, 99% used [0x0000000780000000,0x00000007894fed50,0x0000000789500000)
 Metaspace       used 71526K, committed 73024K, reserved 1114112K
  class space    used 8716K, committed 9344K, reserved 1048576K
}
Event: 97.056 GC heap after
{Heap after GC invocations=115 (full 3):
 PSYoungGen      total 10240K, used 1292K [0x00000007d5580000, 0x00000007d6200000, 0x0000000800000000)
  eden space 8704K, 0% used [0x00000007d5580000,0x00000007d5580000,0x00000007d5e00000)
  from space 1536K, 84% used [0x00000007d6080000,0x00000007d61c3160,0x00000007d6200000)
  to   space 1536K, 0% used [0x00000007d5f00000,0x00000007d5f00000,0x00000007d6080000)
 ParOldGen       total 153600K, used 153496K [0x0000000780000000, 0x0000000789600000, 0x00000007d5580000)
  object space 153600K, 99% used [0x0000000780000000,0x00000007895e61e8,0x0000000789600000)
 Metaspace       used 71526K, committed 73024K, reserved 1114112K
  class space    used 8716K, committed 9344K, reserved 1048576K
}
Event: 97.222 GC heap before
{Heap before GC invocations=116 (full 3):
 PSYoungGen      total 10240K, used 9996K [0x00000007d5580000, 0x00000007d6200000, 0x0000000800000000)
  eden space 8704K, 100% used [0x00000007d5580000,0x00000007d5e00000,0x00000007d5e00000)
  from space 1536K, 84% used [0x00000007d6080000,0x00000007d61c3160,0x00000007d6200000)
  to   space 1536K, 0% used [0x00000007d5f00000,0x00000007d5f00000,0x00000007d6080000)
 ParOldGen       total 153600K, used 153496K [0x0000000780000000, 0x0000000789600000, 0x00000007d5580000)
  object space 153600K, 99% used [0x0000000780000000,0x00000007895e61e8,0x0000000789600000)
 Metaspace       used 71526K, committed 73024K, reserved 1114112K
  class space    used 8716K, committed 9344K, reserved 1048576K
}
Event: 97.235 GC heap after
{Heap after GC invocations=116 (full 3):
 PSYoungGen      total 10240K, used 1449K [0x00000007d5580000, 0x00000007d6100000, 0x0000000800000000)
  eden space 8704K, 0% used [0x00000007d5580000,0x00000007d5580000,0x00000007d5e00000)
  from space 1536K, 94% used [0x00000007d5f00000,0x00000007d606a568,0x00000007d6080000)
  to   space 512K, 0% used [0x00000007d6080000,0x00000007d6080000,0x00000007d6100000)
 ParOldGen       total 155136K, used 154659K [0x0000000780000000, 0x0000000789780000, 0x00000007d5580000)
  object space 155136K, 99% used [0x0000000780000000,0x0000000789708e70,0x0000000789780000)
 Metaspace       used 71526K, committed 73024K, reserved 1114112K
  class space    used 8716K, committed 9344K, reserved 1048576K
}
Event: 97.385 GC heap before
{Heap before GC invocations=117 (full 3):
 PSYoungGen      total 10240K, used 10153K [0x00000007d5580000, 0x00000007d6100000, 0x0000000800000000)
  eden space 8704K, 100% used [0x00000007d5580000,0x00000007d5e00000,0x00000007d5e00000)
  from space 1536K, 94% used [0x00000007d5f00000,0x00000007d606a568,0x00000007d6080000)
  to   space 512K, 0% used [0x00000007d6080000,0x00000007d6080000,0x00000007d6100000)
 ParOldGen       total 155136K, used 154659K [0x0000000780000000, 0x0000000789780000, 0x00000007d5580000)
  object space 155136K, 99% used [0x0000000780000000,0x0000000789708e70,0x0000000789780000)
 Metaspace       used 71526K, committed 73024K, reserved 1114112K
  class space    used 8716K, committed 9344K, reserved 1048576K
}
Event: 97.398 GC heap after
{Heap after GC invocations=117 (full 3):
 PSYoungGen      total 8192K, used 511K [0x00000007d5580000, 0x00000007d6500000, 0x0000000800000000)
  eden space 7680K, 0% used [0x00000007d5580000,0x00000007d5580000,0x00000007d5d00000)
  from space 512K, 99% used [0x00000007d6080000,0x00000007d60fffa8,0x00000007d6100000)
  to   space 3584K, 0% used [0x00000007d5d00000,0x00000007d5d00000,0x00000007d6080000)
 ParOldGen       total 157184K, used 156982K [0x0000000780000000, 0x0000000789980000, 0x00000007d5580000)
  object space 157184K, 99% used [0x0000000780000000,0x000000078994db80,0x0000000789980000)
 Metaspace       used 71526K, committed 73024K, reserved 1114112K
  class space    used 8716K, committed 9344K, reserved 1048576K
}
Event: 97.504 GC heap before
{Heap before GC invocations=118 (full 3):
 PSYoungGen      total 8192K, used 8191K [0x00000007d5580000, 0x00000007d6500000, 0x0000000800000000)
  eden space 7680K, 100% used [0x00000007d5580000,0x00000007d5d00000,0x00000007d5d00000)
  from space 512K, 99% used [0x00000007d6080000,0x00000007d60fffa8,0x00000007d6100000)
  to   space 3584K, 0% used [0x00000007d5d00000,0x00000007d5d00000,0x00000007d6080000)
 ParOldGen       total 157184K, used 156982K [0x0000000780000000, 0x0000000789980000, 0x00000007d5580000)
  object space 157184K, 99% used [0x0000000780000000,0x000000078994db80,0x0000000789980000)
 Metaspace       used 71526K, committed 73024K, reserved 1114112K
  class space    used 8716K, committed 9344K, reserved 1048576K
}
Event: 97.506 GC heap after
{Heap after GC invocations=118 (full 3):
 PSYoungGen      total 9216K, used 1136K [0x00000007d5580000, 0x00000007d6100000, 0x0000000800000000)
  eden space 7680K, 0% used [0x00000007d5580000,0x00000007d5580000,0x00000007d5d00000)
  from space 1536K, 74% used [0x00000007d5d00000,0x00000007d5e1c3c0,0x00000007d5e80000)
  to   space 2048K, 0% used [0x00000007d5f00000,0x00000007d5f00000,0x00000007d6100000)
 ParOldGen       total 157696K, used 157434K [0x0000000780000000, 0x0000000789a00000, 0x00000007d5580000)
  object space 157696K, 99% used [0x0000000780000000,0x00000007899be8c8,0x0000000789a00000)
 Metaspace       used 71526K, committed 73024K, reserved 1114112K
  class space    used 8716K, committed 9344K, reserved 1048576K
}
Event: 97.633 GC heap before
{Heap before GC invocations=119 (full 3):
 PSYoungGen      total 9216K, used 8816K [0x00000007d5580000, 0x00000007d6100000, 0x0000000800000000)
  eden space 7680K, 100% used [0x00000007d5580000,0x00000007d5d00000,0x00000007d5d00000)
  from space 1536K, 74% used [0x00000007d5d00000,0x00000007d5e1c3c0,0x00000007d5e80000)
  to   space 2048K, 0% used [0x00000007d5f00000,0x00000007d5f00000,0x00000007d6100000)
 ParOldGen       total 157696K, used 157434K [0x0000000780000000, 0x0000000789a00000, 0x00000007d5580000)
  object space 157696K, 99% used [0x0000000780000000,0x00000007899be8c8,0x0000000789a00000)
 Metaspace       used 71526K, committed 73024K, reserved 1114112K
  class space    used 8716K, committed 9344K, reserved 1048576K
}
Event: 97.646 GC heap after
{Heap after GC invocations=119 (full 3):
 PSYoungGen      total 9216K, used 1081K [0x00000007d5580000, 0x00000007d6080000, 0x0000000800000000)
  eden space 7680K, 0% used [0x00000007d5580000,0x00000007d5580000,0x00000007d5d00000)
  from space 1536K, 70% used [0x00000007d5f00000,0x00000007d600e690,0x00000007d6080000)
  to   space 1536K, 0% used [0x00000007d5d00000,0x00000007d5d00000,0x00000007d5e80000)
 ParOldGen       total 158720K, used 158320K [0x0000000780000000, 0x0000000789b00000, 0x00000007d5580000)
  object space 158720K, 99% used [0x0000000780000000,0x0000000789a9c300,0x0000000789b00000)
 Metaspace       used 71526K, committed 73024K, reserved 1114112K
  class space    used 8716K, committed 9344K, reserved 1048576K
}
Event: 97.784 GC heap before
{Heap before GC invocations=120 (full 3):
 PSYoungGen      total 9216K, used 8761K [0x00000007d5580000, 0x00000007d6080000, 0x0000000800000000)
  eden space 7680K, 100% used [0x00000007d5580000,0x00000007d5d00000,0x00000007d5d00000)
  from space 1536K, 70% used [0x00000007d5f00000,0x00000007d600e690,0x00000007d6080000)
  to   space 1536K, 0% used [0x00000007d5d00000,0x00000007d5d00000,0x00000007d5e80000)
 ParOldGen       total 158720K, used 158321K [0x0000000780000000, 0x0000000789b00000, 0x00000007d5580000)
  object space 158720K, 99% used [0x0000000780000000,0x0000000789a9c500,0x0000000789b00000)
 Metaspace       used 71526K, committed 73024K, reserved 1114112K
  class space    used 8716K, committed 9344K, reserved 1048576K
}
Event: 97.786 GC heap after
{Heap after GC invocations=120 (full 3):
 PSYoungGen      total 9216K, used 1361K [0x00000007d5580000, 0x00000007d6000000, 0x0000000800000000)
  eden space 7680K, 0% used [0x00000007d5580000,0x00000007d5580000,0x00000007d5d00000)
  from space 1536K, 88% used [0x00000007d5d00000,0x00000007d5e54610,0x00000007d5e80000)
  to   space 1536K, 0% used [0x00000007d5e80000,0x00000007d5e80000,0x00000007d6000000)
 ParOldGen       total 159744K, used 159326K [0x0000000780000000, 0x0000000789c00000, 0x00000007d5580000)
  object space 159744K, 99% used [0x0000000780000000,0x0000000789b97ae0,0x0000000789c00000)
 Metaspace       used 71526K, committed 73024K, reserved 1114112K
  class space    used 8716K, committed 9344K, reserved 1048576K
}
Event: 97.924 GC heap before
{Heap before GC invocations=121 (full 3):
 PSYoungGen      total 9216K, used 9041K [0x00000007d5580000, 0x00000007d6000000, 0x0000000800000000)
  eden space 7680K, 100% used [0x00000007d5580000,0x00000007d5d00000,0x00000007d5d00000)
  from space 1536K, 88% used [0x00000007d5d00000,0x00000007d5e54610,0x00000007d5e80000)
  to   space 1536K, 0% used [0x00000007d5e80000,0x00000007d5e80000,0x00000007d6000000)
 ParOldGen       total 159744K, used 159328K [0x0000000780000000, 0x0000000789c00000, 0x00000007d5580000)
  object space 159744K, 99% used [0x0000000780000000,0x0000000789b98230,0x0000000789c00000)
 Metaspace       used 71689K, committed 73152K, reserved 1114112K
  class space    used 8742K, committed 9344K, reserved 1048576K
}
Event: 97.939 GC heap after
{Heap after GC invocations=121 (full 3):
 PSYoungGen      total 9216K, used 1318K [0x00000007d5580000, 0x00000007d6000000, 0x0000000800000000)
  eden space 7680K, 0% used [0x00000007d5580000,0x00000007d5580000,0x00000007d5d00000)
  from space 1536K, 85% used [0x00000007d5e80000,0x00000007d5fc98a8,0x00000007d6000000)
  to   space 1536K, 0% used [0x00000007d5d00000,0x00000007d5d00000,0x00000007d5e80000)
 ParOldGen       total 160768K, used 160541K [0x0000000780000000, 0x0000000789d00000, 0x00000007d5580000)
  object space 160768K, 99% used [0x0000000780000000,0x0000000789cc76a0,0x0000000789d00000)
 Metaspace       used 71689K, committed 73152K, reserved 1114112K
  class space    used 8742K, committed 9344K, reserved 1048576K
}

